<?xml version="1.0" encoding="UTF-8"?>
<testng-results ignored="0" total="1" passed="1" failed="0" skipped="0">
  <reporter-output>
  </reporter-output>
  <suite started-at="2022-08-16T07:11:10Z" name="Framework" finished-at="2022-08-16T07:13:04Z" duration-ms="114804">
    <groups>
    </groups>
    <test started-at="2022-08-16T07:11:10Z" name="Login " finished-at="2022-08-16T07:13:04Z" duration-ms="114804">
      <class name="com.crm.testcases.TC_SRCreationTest">
        <test-method signature="toverifySRIsGettingCreated()[pri:0, instance:com.crm.testcases.TC_SRCreationTest@4d8126f]" started-at="2022-08-16T12:41:10Z" name="toverifySRIsGettingCreated" finished-at="2022-08-16T12:43:04Z" duration-ms="114391" status="PASS">
          <reporter-output>
          </reporter-output>
        </test-method> <!-- toverifySRIsGettingCreated -->
        <test-method is-config="true" signature="teardown()[pri:0, instance:com.crm.testcases.TC_SRCreationTest@4d8126f]" started-at="2022-08-16T12:43:04Z" name="teardown" finished-at="2022-08-16T12:43:04Z" duration-ms="391" status="PASS">
          <reporter-output>
          </reporter-output>
        </test-method> <!-- teardown -->
      </class> <!-- com.crm.testcases.TC_SRCreationTest -->
    </test> <!-- Login  -->
  </suite> <!-- Framework -->
</testng-results>
